<?xml version="1.0" encoding="UTF-8"?>
<!-- Generated by org.testng.reporters.JUnitXMLReporter -->
<testsuite ignored="0" hostname="DESKTOP-2L3GFFQ" failures="0" tests="4" name="Default test" time="0.156" errors="0" timestamp="2023-11-03T20:21:29 IST">
  <testcase classname="ui.ReporterTest" name="reporterTest1" time="0.022"/>
  <testcase classname="ui.ReporterTest" name="reporterTest2" time="0.003"/>
  <testcase classname="ui.ReporterTest" name="reporterTest3" time="0.006"/>
  <testcase classname="ui.ReporterTest" name="reporterTest4" time="0.004"/>
</testsuite> <!-- Default test -->
