<?xml version="1.0" encoding="UTF-8"?>
<testng-results ignored="0" total="4" passed="4" failed="0" skipped="0">
  <reporter-output>
    <line>
      <![CDATA[this is test1]]>
    </line>
    <line>
      <![CDATA[this is test2]]>
    </line>
    <line>
      <![CDATA[this is test3]]>
    </line>
    <line>
      <![CDATA[this is test4]]>
    </line>
  </reporter-output>
  <suite started-at="2023-11-03T20:21:29 IST" name="Default suite" finished-at="2023-11-03T20:21:29 IST" duration-ms="156">
    <groups>
    </groups>
    <test started-at="2023-11-03T20:21:29 IST" name="Default test" finished-at="2023-11-03T20:21:29 IST" duration-ms="156">
      <class name="ui.ReporterTest">
        <test-method signature="reporterTest1()[pri:0, instance:ui.ReporterTest@6aeb35e6]" started-at="2023-11-03T20:21:29 IST" name="reporterTest1" finished-at="2023-11-03T20:21:29 IST" duration-ms="22" status="PASS">
          <reporter-output>
            <line>
              <![CDATA[this is test1]]>
            </line>
          </reporter-output>
        </test-method> <!-- reporterTest1 -->
        <test-method signature="reporterTest2()[pri:0, instance:ui.ReporterTest@6aeb35e6]" started-at="2023-11-03T20:21:29 IST" name="reporterTest2" finished-at="2023-11-03T20:21:29 IST" duration-ms="3" status="PASS">
          <reporter-output>
            <line>
              <![CDATA[this is test2]]>
            </line>
          </reporter-output>
        </test-method> <!-- reporterTest2 -->
        <test-method signature="reporterTest3()[pri:0, instance:ui.ReporterTest@6aeb35e6]" started-at="2023-11-03T20:21:29 IST" name="reporterTest3" finished-at="2023-11-03T20:21:29 IST" duration-ms="6" status="PASS">
          <reporter-output>
            <line>
              <![CDATA[this is test3]]>
            </line>
          </reporter-output>
        </test-method> <!-- reporterTest3 -->
        <test-method signature="reporterTest4()[pri:0, instance:ui.ReporterTest@6aeb35e6]" started-at="2023-11-03T20:21:29 IST" name="reporterTest4" finished-at="2023-11-03T20:21:29 IST" duration-ms="4" status="PASS">
          <reporter-output>
            <line>
              <![CDATA[this is test4]]>
            </line>
          </reporter-output>
        </test-method> <!-- reporterTest4 -->
      </class> <!-- ui.ReporterTest -->
    </test> <!-- Default test -->
  </suite> <!-- Default suite -->
</testng-results>
